<?xml version="1.0" encoding="UTF-8"?>
<testsuite name="RunCukesTest" tests="0" skipped="0" failures="0" errors="0" timestamp="1970-01-01T00:00:00" hostname="LIBP45P-107312Q" time="0.0">
  <properties/>
  <system-out><![CDATA[
6 Scenarios (?[32m6 passed?[0m)
42 Steps (?[32m42 passed?[0m)
0m0.100s

]]></system-out>
  <system-err><![CDATA[]]></system-err>
</testsuite>
