<?xml version="1.0" encoding="UTF-8"?>
<testsuite name="| &quot;1&quot; | &quot;0&quot; | &quot;1&quot; | &quot;true&quot; | 75 |" tests="8" skipped="0" failures="0" errors="0" timestamp="2018-03-21T00:36:03" hostname="LIBP45P-107312Q" time="0.002">
  <properties/>
  <testcase name="Given A ticket" classname="| &quot;1&quot; | &quot;0&quot; | &quot;1&quot; | &quot;true&quot; | 75 |" time="0.0"/>
  <testcase name="And CarID is &quot;1&quot;" classname="| &quot;1&quot; | &quot;0&quot; | &quot;1&quot; | &quot;true&quot; | 75 |" time="0.0"/>
  <testcase name="And TimeIn is &quot;0&quot;" classname="| &quot;1&quot; | &quot;0&quot; | &quot;1&quot; | &quot;true&quot; | 75 |" time="0.0"/>
  <testcase name="And TimeOut is &quot;1&quot;" classname="| &quot;1&quot; | &quot;0&quot; | &quot;1&quot; | &quot;true&quot; | 75 |" time="0.0"/>
  <testcase name="And TicketLost is &quot;true&quot;" classname="| &quot;1&quot; | &quot;0&quot; | &quot;1&quot; | &quot;true&quot; | 75 |" time="0.0"/>
  <testcase name="When Ticket is processed" classname="| &quot;1&quot; | &quot;0&quot; | &quot;1&quot; | &quot;true&quot; | 75 |" time="0.0"/>
  <testcase name="Then fee is calculated to be 75" classname="| &quot;1&quot; | &quot;0&quot; | &quot;1&quot; | &quot;true&quot; | 75 |" time="0.0"/>
  <testcase name="classMethod" classname="| &quot;1&quot; | &quot;0&quot; | &quot;1&quot; | &quot;true&quot; | 75 |" time="0.003"/>
  <system-out><![CDATA[]]></system-out>
  <system-err><![CDATA[]]></system-err>
</testsuite>
